
*** Running vivado
    with args -log hellobasys3.vds -m64 -product Vivado -mode batch -messageDb vivado.pb -notrace -source hellobasys3.tcl


****** Vivado v2018.2 (64-bit)
  **** SW Build 2258646 on Thu Jun 14 20:02:38 MDT 2018
  **** IP Build 2256618 on Thu Jun 14 22:10:49 MDT 2018
    ** Copyright 1986-2018 Xilinx, Inc. All Rights Reserved.

source hellobasys3.tcl -notrace
Command: synth_design -top hellobasys3 -part xc7a35tcpg236-1
Starting synth_design
Attempting to get a license for feature 'Synthesis' and/or device 'xc7a35t'
INFO: [Common 17-349] Got license for feature 'Synthesis' and/or device 'xc7a35t'
INFO: Launching helper process for spawning children vivado processes
INFO: Helper process launched with PID 15685 
---------------------------------------------------------------------------------
Starting RTL Elaboration : Time (s): cpu = 00:00:02 ; elapsed = 00:00:03 . Memory (MB): peak = 1308.797 ; gain = 86.879 ; free physical = 1120 ; free virtual = 10241
---------------------------------------------------------------------------------
INFO: [Synth 8-6157] synthesizing module 'hellobasys3' [/home/princeling/Documents/ElectronicDesign/Fpga-verilog/LearnBasys3/Hello_Basys3/Hello_Basys3.srcs/sources_1/new/hellobasys3.v:23]
	Parameter check_h bound to: 5'b00001 
	Parameter check_e bound to: 5'b00010 
	Parameter check_la bound to: 5'b00100 
	Parameter check_lb bound to: 5'b01000 
	Parameter check_o bound to: 5'b10000 
	Parameter Baud_Rate bound to: 9600 - type: integer 
	Parameter Div_Num bound to: 10416 - type: integer 
	Parameter hello_h bound to: 5'b00001 
	Parameter hello_e bound to: 5'b00010 
	Parameter hello_la bound to: 5'b00100 
	Parameter hello_lb bound to: 5'b01000 
	Parameter hello_o bound to: 5'b10000 
INFO: [Synth 8-6157] synthesizing module 'counter_mod_m' [/home/princeling/Documents/ElectronicDesign/Fpga-verilog/PrincelingModuleHub/uart/counter_mod_m.v:22]
	Parameter N bound to: 20 - type: integer 
	Parameter M bound to: 10417 - type: integer 
INFO: [Synth 8-6155] done synthesizing module 'counter_mod_m' (1#1) [/home/princeling/Documents/ElectronicDesign/Fpga-verilog/PrincelingModuleHub/uart/counter_mod_m.v:22]
INFO: [Synth 8-6157] synthesizing module 'uart_rx' [/home/princeling/Documents/ElectronicDesign/Fpga-verilog/PrincelingModuleHub/uart/uart_rx.v:23]
	Parameter IDLE bound to: 2'b00 
	Parameter RECEIVE bound to: 2'b01 
	Parameter RECEIVE_END bound to: 3'b010 
	Parameter Date_Size bound to: 8 - type: integer 
INFO: [Synth 8-6155] done synthesizing module 'uart_rx' (2#1) [/home/princeling/Documents/ElectronicDesign/Fpga-verilog/PrincelingModuleHub/uart/uart_rx.v:23]
INFO: [Synth 8-6157] synthesizing module 'uart_tx' [/home/princeling/Documents/ElectronicDesign/Fpga-verilog/PrincelingModuleHub/uart/uart_tx.v:23]
	Parameter IDLE bound to: 2'b00 
	Parameter SEND_START bound to: 2'b01 
	Parameter SEND_DATA bound to: 2'b10 
	Parameter SEND_END bound to: 2'b11 
INFO: [Synth 8-226] default block is never used [/home/princeling/Documents/ElectronicDesign/Fpga-verilog/PrincelingModuleHub/uart/uart_tx.v:47]
INFO: [Synth 8-6155] done synthesizing module 'uart_tx' (3#1) [/home/princeling/Documents/ElectronicDesign/Fpga-verilog/PrincelingModuleHub/uart/uart_tx.v:23]
INFO: [Synth 8-6155] done synthesizing module 'hellobasys3' (4#1) [/home/princeling/Documents/ElectronicDesign/Fpga-verilog/LearnBasys3/Hello_Basys3/Hello_Basys3.srcs/sources_1/new/hellobasys3.v:23]
WARNING: [Synth 8-3331] design uart_tx has unconnected port rst
WARNING: [Synth 8-3331] design hellobasys3 has unconnected port test[4]
WARNING: [Synth 8-3331] design hellobasys3 has unconnected port test[3]
---------------------------------------------------------------------------------
Finished RTL Elaboration : Time (s): cpu = 00:00:03 ; elapsed = 00:00:04 . Memory (MB): peak = 1353.422 ; gain = 131.504 ; free physical = 1133 ; free virtual = 10254
---------------------------------------------------------------------------------

Report Check Netlist: 
+------+------------------+-------+---------+-------+------------------+
|      |Item              |Errors |Warnings |Status |Description       |
+------+------------------+-------+---------+-------+------------------+
|1     |multi_driven_nets |      0|        0|Passed |Multi driven nets |
+------+------------------+-------+---------+-------+------------------+
---------------------------------------------------------------------------------
Start Handling Custom Attributes
---------------------------------------------------------------------------------
---------------------------------------------------------------------------------
Finished Handling Custom Attributes : Time (s): cpu = 00:00:03 ; elapsed = 00:00:04 . Memory (MB): peak = 1353.422 ; gain = 131.504 ; free physical = 1133 ; free virtual = 10253
---------------------------------------------------------------------------------
---------------------------------------------------------------------------------
Finished RTL Optimization Phase 1 : Time (s): cpu = 00:00:03 ; elapsed = 00:00:04 . Memory (MB): peak = 1353.422 ; gain = 131.504 ; free physical = 1133 ; free virtual = 10253
---------------------------------------------------------------------------------
INFO: [Device 21-403] Loading part xc7a35tcpg236-1
INFO: [Project 1-570] Preparing netlist for logic optimization

Processing XDC Constraints
Initializing timing engine
Parsing XDC File [/home/princeling/Documents/ElectronicDesign/Fpga-verilog/LearnBasys3/Hello_Basys3/Hello_Basys3.srcs/constrs_1/new/basys3.xdc]
Finished Parsing XDC File [/home/princeling/Documents/ElectronicDesign/Fpga-verilog/LearnBasys3/Hello_Basys3/Hello_Basys3.srcs/constrs_1/new/basys3.xdc]
INFO: [Project 1-236] Implementation specific constraints were found while reading constraint file [/home/princeling/Documents/ElectronicDesign/Fpga-verilog/LearnBasys3/Hello_Basys3/Hello_Basys3.srcs/constrs_1/new/basys3.xdc]. These constraints will be ignored for synthesis but will be used in implementation. Impacted constraints are listed in the file [.Xil/hellobasys3_propImpl.xdc].
Resolution: To avoid this warning, move constraints listed in [.Xil/hellobasys3_propImpl.xdc] to another XDC file and exclude this new file from synthesis with the used_in_synthesis property (File Properties dialog in GUI) and re-run elaboration/synthesis.
Completed Processing XDC Constraints

INFO: [Project 1-111] Unisim Transformation Summary:
No Unisim elements were transformed.

Constraint Validation Runtime : Time (s): cpu = 00:00:00 ; elapsed = 00:00:00 . Memory (MB): peak = 1672.750 ; gain = 0.000 ; free physical = 893 ; free virtual = 10011
---------------------------------------------------------------------------------
Finished Constraint Validation : Time (s): cpu = 00:00:12 ; elapsed = 00:00:24 . Memory (MB): peak = 1672.750 ; gain = 450.832 ; free physical = 960 ; free virtual = 10078
---------------------------------------------------------------------------------
---------------------------------------------------------------------------------
Start Loading Part and Timing Information
---------------------------------------------------------------------------------
Loading part: xc7a35tcpg236-1
---------------------------------------------------------------------------------
Finished Loading Part and Timing Information : Time (s): cpu = 00:00:12 ; elapsed = 00:00:24 . Memory (MB): peak = 1672.750 ; gain = 450.832 ; free physical = 960 ; free virtual = 10078
---------------------------------------------------------------------------------
---------------------------------------------------------------------------------
Start Applying 'set_property' XDC Constraints
---------------------------------------------------------------------------------
---------------------------------------------------------------------------------
Finished applying 'set_property' XDC Constraints : Time (s): cpu = 00:00:12 ; elapsed = 00:00:24 . Memory (MB): peak = 1672.750 ; gain = 450.832 ; free physical = 962 ; free virtual = 10080
---------------------------------------------------------------------------------
INFO: [Synth 8-5546] ROM "m_out" won't be mapped to RAM because it is too sparse
INFO: [Synth 8-802] inferred FSM for state register 'current_state_reg' in module 'uart_rx'
INFO: [Synth 8-5544] ROM "next_state" won't be mapped to Block RAM because address size (3) smaller than threshold (5)
INFO: [Synth 8-5544] ROM "receive_ack" won't be mapped to Block RAM because address size (2) smaller than threshold (5)
INFO: [Synth 8-5544] ROM "data_i" won't be mapped to Block RAM because address size (2) smaller than threshold (5)
INFO: [Synth 8-5544] ROM "count" won't be mapped to Block RAM because address size (2) smaller than threshold (5)
INFO: [Synth 8-5544] ROM "next_state" won't be mapped to Block RAM because address size (2) smaller than threshold (5)
INFO: [Synth 8-802] inferred FSM for state register 'current_state_reg' in module 'uart_tx'
INFO: [Synth 8-5546] ROM "next_state" won't be mapped to RAM because it is too sparse
INFO: [Synth 8-5544] ROM "txd" won't be mapped to Block RAM because address size (2) smaller than threshold (5)
INFO: [Synth 8-5544] ROM "data_o_tmp" won't be mapped to Block RAM because address size (2) smaller than threshold (5)
INFO: [Synth 8-5544] ROM "count" won't be mapped to Block RAM because address size (2) smaller than threshold (5)
INFO: [Synth 8-5544] ROM "txd" won't be mapped to Block RAM because address size (2) smaller than threshold (5)
INFO: [Synth 8-5544] ROM "txd" won't be mapped to Block RAM because address size (2) smaller than threshold (5)
INFO: [Synth 8-5544] ROM "next_state" won't be mapped to Block RAM because address size (2) smaller than threshold (5)
INFO: [Synth 8-802] inferred FSM for state register 'current_state_reg' in module 'hellobasys3'
INFO: [Synth 8-5546] ROM "hello_ack" won't be mapped to RAM because it is too sparse
INFO: [Synth 8-5544] ROM "next_state" won't be mapped to Block RAM because address size (1) smaller than threshold (5)
INFO: [Synth 8-5546] ROM "next_state" won't be mapped to RAM because it is too sparse
INFO: [Synth 8-5546] ROM "next_state" won't be mapped to RAM because it is too sparse
INFO: [Synth 8-5546] ROM "next_state" won't be mapped to RAM because it is too sparse
INFO: [Synth 8-5546] ROM "next_state" won't be mapped to RAM because it is too sparse
---------------------------------------------------------------------------------------------------
                   State |                     New Encoding |                Previous Encoding 
---------------------------------------------------------------------------------------------------
                    IDLE |                              001 |                               00
                 RECEIVE |                              010 |                               01
             RECEIVE_END |                              100 |                               10
---------------------------------------------------------------------------------------------------
INFO: [Synth 8-3354] encoded FSM with state register 'current_state_reg' using encoding 'one-hot' in module 'uart_rx'
---------------------------------------------------------------------------------------------------
                   State |                     New Encoding |                Previous Encoding 
---------------------------------------------------------------------------------------------------
                    IDLE |                             0001 |                               00
              SEND_START |                             0010 |                               01
               SEND_DATA |                             0100 |                               10
                SEND_END |                             1000 |                               11
---------------------------------------------------------------------------------------------------
INFO: [Synth 8-3354] encoded FSM with state register 'current_state_reg' using encoding 'one-hot' in module 'uart_tx'
INFO: [Synth 8-3898] No Re-encoding of one hot register 'current_state_reg' in module 'fsm15397AD00'
---------------------------------------------------------------------------------
Finished RTL Optimization Phase 2 : Time (s): cpu = 00:00:12 ; elapsed = 00:00:24 . Memory (MB): peak = 1672.750 ; gain = 450.832 ; free physical = 953 ; free virtual = 10071
---------------------------------------------------------------------------------

Report RTL Partitions: 
+-+--------------+------------+----------+
| |RTL Partition |Replication |Instances |
+-+--------------+------------+----------+
+-+--------------+------------+----------+
---------------------------------------------------------------------------------
Start RTL Component Statistics 
---------------------------------------------------------------------------------
Detailed RTL Component Info : 
+---Adders : 
	   2 Input      5 Bit       Adders := 2     
	   2 Input      3 Bit       Adders := 2     
+---Registers : 
	                8 Bit    Registers := 2     
	                5 Bit    Registers := 2     
	                3 Bit    Registers := 2     
	                1 Bit    Registers := 3     
+---Muxes : 
	   2 Input      8 Bit        Muxes := 2     
	   6 Input      5 Bit        Muxes := 1     
	   2 Input      5 Bit        Muxes := 3     
	   4 Input      4 Bit        Muxes := 1     
	   2 Input      4 Bit        Muxes := 2     
	   2 Input      3 Bit        Muxes := 2     
	   2 Input      2 Bit        Muxes := 2     
	   2 Input      1 Bit        Muxes := 10    
	   3 Input      1 Bit        Muxes := 1     
	   4 Input      1 Bit        Muxes := 1     
---------------------------------------------------------------------------------
Finished RTL Component Statistics 
---------------------------------------------------------------------------------
---------------------------------------------------------------------------------
Start RTL Hierarchical Component Statistics 
---------------------------------------------------------------------------------
Hierarchical RTL Component report 
Module hellobasys3 
Detailed RTL Component Info : 
+---Adders : 
	   2 Input      5 Bit       Adders := 1     
	   2 Input      3 Bit       Adders := 1     
+---Registers : 
	                5 Bit    Registers := 1     
	                3 Bit    Registers := 1     
	                1 Bit    Registers := 1     
+---Muxes : 
	   6 Input      5 Bit        Muxes := 1     
	   2 Input      5 Bit        Muxes := 3     
	   2 Input      4 Bit        Muxes := 2     
	   2 Input      3 Bit        Muxes := 2     
	   2 Input      2 Bit        Muxes := 2     
	   2 Input      1 Bit        Muxes := 2     
Module counter_mod_m 
Detailed RTL Component Info : 
+---Muxes : 
	   2 Input      1 Bit        Muxes := 2     
Module uart_rx 
Detailed RTL Component Info : 
+---Adders : 
	   2 Input      3 Bit       Adders := 1     
+---Registers : 
	                8 Bit    Registers := 1     
	                3 Bit    Registers := 1     
+---Muxes : 
	   2 Input      1 Bit        Muxes := 2     
	   3 Input      1 Bit        Muxes := 1     
Module uart_tx 
Detailed RTL Component Info : 
+---Adders : 
	   2 Input      5 Bit       Adders := 1     
+---Registers : 
	                8 Bit    Registers := 1     
	                5 Bit    Registers := 1     
	                1 Bit    Registers := 2     
+---Muxes : 
	   2 Input      8 Bit        Muxes := 2     
	   4 Input      4 Bit        Muxes := 1     
	   2 Input      1 Bit        Muxes := 4     
	   4 Input      1 Bit        Muxes := 1     
---------------------------------------------------------------------------------
Finished RTL Hierarchical Component Statistics
---------------------------------------------------------------------------------
---------------------------------------------------------------------------------
Start Part Resource Summary
---------------------------------------------------------------------------------
Part Resources:
DSPs: 90 (col length:60)
BRAMs: 100 (col length: RAMB18 60 RAMB36 30)
---------------------------------------------------------------------------------
Finished Part Resource Summary
---------------------------------------------------------------------------------
---------------------------------------------------------------------------------
Start Cross Boundary and Area Optimization
---------------------------------------------------------------------------------
Warning: Parallel synthesis criteria is not met 
INFO: [Synth 8-5546] ROM "counter_mod_9600/m_out" won't be mapped to RAM because it is too sparse
WARNING: [Synth 8-3331] design hellobasys3 has unconnected port test[4]
WARNING: [Synth 8-3331] design hellobasys3 has unconnected port test[3]
INFO: [Synth 8-3333] propagating constant 0 across sequential element (\u1_uart_tx/data_o_tmp_reg[7] )
WARNING: [Synth 8-3332] Sequential element (u1_uart_tx/data_o_tmp_reg[7]) is unused and will be removed from module hellobasys3.
---------------------------------------------------------------------------------
Finished Cross Boundary and Area Optimization : Time (s): cpu = 00:00:13 ; elapsed = 00:00:25 . Memory (MB): peak = 1672.750 ; gain = 450.832 ; free physical = 943 ; free virtual = 10062
---------------------------------------------------------------------------------
---------------------------------------------------------------------------------
Start ROM, RAM, DSP and Shift Register Reporting
---------------------------------------------------------------------------------

ROM:
+------------+------------+---------------+----------------+
|Module Name | RTL Object | Depth x Width | Implemented As | 
+------------+------------+---------------+----------------+
|hellobasys3 | data_out   | 32x7          | LUT            | 
|hellobasys3 | data_out   | 32x7          | LUT            | 
+------------+------------+---------------+----------------+

---------------------------------------------------------------------------------
Finished ROM, RAM, DSP and Shift Register Reporting
---------------------------------------------------------------------------------

Report RTL Partitions: 
+-+--------------+------------+----------+
| |RTL Partition |Replication |Instances |
+-+--------------+------------+----------+
+-+--------------+------------+----------+
---------------------------------------------------------------------------------
Start Applying XDC Timing Constraints
---------------------------------------------------------------------------------
---------------------------------------------------------------------------------
Finished Applying XDC Timing Constraints : Time (s): cpu = 00:00:19 ; elapsed = 00:00:34 . Memory (MB): peak = 1672.750 ; gain = 450.832 ; free physical = 819 ; free virtual = 9940
---------------------------------------------------------------------------------
---------------------------------------------------------------------------------
Start Timing Optimization
---------------------------------------------------------------------------------
---------------------------------------------------------------------------------
Finished Timing Optimization : Time (s): cpu = 00:00:19 ; elapsed = 00:00:34 . Memory (MB): peak = 1672.750 ; gain = 450.832 ; free physical = 819 ; free virtual = 9939
---------------------------------------------------------------------------------

Report RTL Partitions: 
+-+--------------+------------+----------+
| |RTL Partition |Replication |Instances |
+-+--------------+------------+----------+
+-+--------------+------------+----------+
---------------------------------------------------------------------------------
Start Technology Mapping
---------------------------------------------------------------------------------
---------------------------------------------------------------------------------
Finished Technology Mapping : Time (s): cpu = 00:00:19 ; elapsed = 00:00:34 . Memory (MB): peak = 1672.750 ; gain = 450.832 ; free physical = 818 ; free virtual = 9938
---------------------------------------------------------------------------------

Report RTL Partitions: 
+-+--------------+------------+----------+
| |RTL Partition |Replication |Instances |
+-+--------------+------------+----------+
+-+--------------+------------+----------+
---------------------------------------------------------------------------------
Start IO Insertion
---------------------------------------------------------------------------------
---------------------------------------------------------------------------------
Start Flattening Before IO Insertion
---------------------------------------------------------------------------------
---------------------------------------------------------------------------------
Finished Flattening Before IO Insertion
---------------------------------------------------------------------------------
---------------------------------------------------------------------------------
Start Final Netlist Cleanup
---------------------------------------------------------------------------------
---------------------------------------------------------------------------------
Finished Final Netlist Cleanup
---------------------------------------------------------------------------------
---------------------------------------------------------------------------------
Finished IO Insertion : Time (s): cpu = 00:00:20 ; elapsed = 00:00:35 . Memory (MB): peak = 1672.750 ; gain = 450.832 ; free physical = 818 ; free virtual = 9938
---------------------------------------------------------------------------------

Report Check Netlist: 
+------+------------------+-------+---------+-------+------------------+
|      |Item              |Errors |Warnings |Status |Description       |
+------+------------------+-------+---------+-------+------------------+
|1     |multi_driven_nets |      0|        0|Passed |Multi driven nets |
+------+------------------+-------+---------+-------+------------------+
---------------------------------------------------------------------------------
Start Renaming Generated Instances
---------------------------------------------------------------------------------
---------------------------------------------------------------------------------
Finished Renaming Generated Instances : Time (s): cpu = 00:00:20 ; elapsed = 00:00:35 . Memory (MB): peak = 1672.750 ; gain = 450.832 ; free physical = 818 ; free virtual = 9938
---------------------------------------------------------------------------------

Report RTL Partitions: 
+-+--------------+------------+----------+
| |RTL Partition |Replication |Instances |
+-+--------------+------------+----------+
+-+--------------+------------+----------+
---------------------------------------------------------------------------------
Start Rebuilding User Hierarchy
---------------------------------------------------------------------------------
---------------------------------------------------------------------------------
Finished Rebuilding User Hierarchy : Time (s): cpu = 00:00:20 ; elapsed = 00:00:35 . Memory (MB): peak = 1672.750 ; gain = 450.832 ; free physical = 818 ; free virtual = 9938
---------------------------------------------------------------------------------
---------------------------------------------------------------------------------
Start Renaming Generated Ports
---------------------------------------------------------------------------------
---------------------------------------------------------------------------------
Finished Renaming Generated Ports : Time (s): cpu = 00:00:20 ; elapsed = 00:00:35 . Memory (MB): peak = 1672.750 ; gain = 450.832 ; free physical = 818 ; free virtual = 9938
---------------------------------------------------------------------------------
---------------------------------------------------------------------------------
Start Handling Custom Attributes
---------------------------------------------------------------------------------
---------------------------------------------------------------------------------
Finished Handling Custom Attributes : Time (s): cpu = 00:00:20 ; elapsed = 00:00:35 . Memory (MB): peak = 1672.750 ; gain = 450.832 ; free physical = 818 ; free virtual = 9938
---------------------------------------------------------------------------------
---------------------------------------------------------------------------------
Start Renaming Generated Nets
---------------------------------------------------------------------------------
---------------------------------------------------------------------------------
Finished Renaming Generated Nets : Time (s): cpu = 00:00:20 ; elapsed = 00:00:35 . Memory (MB): peak = 1672.750 ; gain = 450.832 ; free physical = 818 ; free virtual = 9938
---------------------------------------------------------------------------------
---------------------------------------------------------------------------------
Start Writing Synthesis Report
---------------------------------------------------------------------------------

Report BlackBoxes: 
+-+--------------+----------+
| |BlackBox name |Instances |
+-+--------------+----------+
+-+--------------+----------+

Report Cell Usage: 
+------+-------+------+
|      |Cell   |Count |
+------+-------+------+
|1     |BUFG   |     2|
|2     |CARRY4 |     4|
|3     |LUT1   |     4|
|4     |LUT2   |    10|
|5     |LUT3   |    16|
|6     |LUT4   |     5|
|7     |LUT5   |    16|
|8     |LUT6   |    17|
|9     |FDCE   |     4|
|10    |FDPE   |     1|
|11    |FDRE   |    54|
|12    |FDSE   |     1|
|13    |IBUF   |     3|
|14    |OBUF   |     8|
|15    |OBUFT  |     2|
+------+-------+------+

Report Instance Areas: 
+------+-------------------+--------------+------+
|      |Instance           |Module        |Cells |
+------+-------------------+--------------+------+
|1     |top                |              |   147|
|2     |  counter_mod_9600 |counter_mod_m |    25|
|3     |  u1_uart_rx       |uart_rx       |    41|
|4     |  u1_uart_tx       |uart_tx       |    43|
+------+-------------------+--------------+------+
---------------------------------------------------------------------------------
Finished Writing Synthesis Report : Time (s): cpu = 00:00:20 ; elapsed = 00:00:35 . Memory (MB): peak = 1672.750 ; gain = 450.832 ; free physical = 818 ; free virtual = 9938
---------------------------------------------------------------------------------
Synthesis finished with 0 errors, 0 critical warnings and 3 warnings.
Synthesis Optimization Runtime : Time (s): cpu = 00:00:13 ; elapsed = 00:00:17 . Memory (MB): peak = 1672.750 ; gain = 131.504 ; free physical = 872 ; free virtual = 9993
Synthesis Optimization Complete : Time (s): cpu = 00:00:20 ; elapsed = 00:00:35 . Memory (MB): peak = 1672.758 ; gain = 450.832 ; free physical = 872 ; free virtual = 9993
INFO: [Project 1-571] Translating synthesized netlist
INFO: [Netlist 29-17] Analyzing 7 Unisim elements for replacement
INFO: [Netlist 29-28] Unisim Transformation completed in 0 CPU seconds
INFO: [Project 1-570] Preparing netlist for logic optimization
INFO: [Opt 31-138] Pushed 0 inverter(s) to 0 load pin(s).
INFO: [Project 1-111] Unisim Transformation Summary:
No Unisim elements were transformed.

INFO: [Common 17-83] Releasing license: Synthesis
48 Infos, 6 Warnings, 0 Critical Warnings and 0 Errors encountered.
synth_design completed successfully
synth_design: Time (s): cpu = 00:00:21 ; elapsed = 00:00:36 . Memory (MB): peak = 1672.758 ; gain = 463.414 ; free physical = 871 ; free virtual = 9992
WARNING: [Constraints 18-5210] No constraint will be written out.
INFO: [Common 17-1381] The checkpoint '/home/princeling/Documents/ElectronicDesign/Fpga-verilog/LearnBasys3/Hello_Basys3/Hello_Basys3.runs/synth_1/hellobasys3.dcp' has been generated.
INFO: [runtcl-4] Executing : report_utilization -file hellobasys3_utilization_synth.rpt -pb hellobasys3_utilization_synth.pb
report_utilization: Time (s): cpu = 00:00:00.09 ; elapsed = 00:00:00.12 . Memory (MB): peak = 1696.762 ; gain = 0.000 ; free physical = 872 ; free virtual = 9993
INFO: [Common 17-206] Exiting Vivado at Fri Jan 25 14:29:38 2019...
