
*** Running vivado
    with args -log four_2_input_nand_gate.vds -m64 -product Vivado -mode batch -messageDb vivado.pb -notrace -source four_2_input_nand_gate.tcl


****** Vivado v2018.2 (64-bit)
  **** SW Build 2258646 on Thu Jun 14 20:02:38 MDT 2018
  **** IP Build 2256618 on Thu Jun 14 22:10:49 MDT 2018
    ** Copyright 1986-2018 Xilinx, Inc. All Rights Reserved.

source four_2_input_nand_gate.tcl -notrace
Command: synth_design -top four_2_input_nand_gate -part xc7a35tcpg236-1
Starting synth_design
Attempting to get a license for feature 'Synthesis' and/or device 'xc7a35t'
INFO: [Common 17-349] Got license for feature 'Synthesis' and/or device 'xc7a35t'
INFO: Launching helper process for spawning children vivado processes
INFO: Helper process launched with PID 20978 
---------------------------------------------------------------------------------
Starting Synthesize : Time (s): cpu = 00:00:02 ; elapsed = 00:00:02 . Memory (MB): peak = 1308.797 ; gain = 86.887 ; free physical = 2133 ; free virtual = 11925
---------------------------------------------------------------------------------
INFO: [Synth 8-6157] synthesizing module 'four_2_input_nand_gate' [/home/princeling/Documents/ElectronicDesign/Fpga-verilog/LearnBasys3/LearnIP_Core/LearnIP_Core.srcs/sources_1/new/four_2_input_nand_gate.v:23]
	Parameter Delay bound to: 0 - type: integer 
INFO: [Synth 8-6155] done synthesizing module 'four_2_input_nand_gate' (1#1) [/home/princeling/Documents/ElectronicDesign/Fpga-verilog/LearnBasys3/LearnIP_Core/LearnIP_Core.srcs/sources_1/new/four_2_input_nand_gate.v:23]
---------------------------------------------------------------------------------
Finished Synthesize : Time (s): cpu = 00:00:03 ; elapsed = 00:00:03 . Memory (MB): peak = 1353.422 ; gain = 131.512 ; free physical = 2146 ; free virtual = 11938
---------------------------------------------------------------------------------
---------------------------------------------------------------------------------
Finished Constraint Validation : Time (s): cpu = 00:00:03 ; elapsed = 00:00:03 . Memory (MB): peak = 1353.422 ; gain = 131.512 ; free physical = 2145 ; free virtual = 11937
---------------------------------------------------------------------------------
---------------------------------------------------------------------------------
Start Loading Part and Timing Information
---------------------------------------------------------------------------------
Loading part: xc7a35tcpg236-1
---------------------------------------------------------------------------------
INFO: [Device 21-403] Loading part xc7a35tcpg236-1
Finished Loading Part and Timing Information : Time (s): cpu = 00:00:03 ; elapsed = 00:00:03 . Memory (MB): peak = 1361.426 ; gain = 139.516 ; free physical = 2143 ; free virtual = 11936
---------------------------------------------------------------------------------
---------------------------------------------------------------------------------
Finished RTL Optimization Phase 2 : Time (s): cpu = 00:00:03 ; elapsed = 00:00:04 . Memory (MB): peak = 1369.434 ; gain = 147.523 ; free physical = 2143 ; free virtual = 11936
---------------------------------------------------------------------------------

Report RTL Partitions: 
+-+--------------+------------+----------+
| |RTL Partition |Replication |Instances |
+-+--------------+------------+----------+
+-+--------------+------------+----------+
No constraint files found.
---------------------------------------------------------------------------------
Start RTL Component Statistics 
---------------------------------------------------------------------------------
Detailed RTL Component Info : 
---------------------------------------------------------------------------------
Finished RTL Component Statistics 
---------------------------------------------------------------------------------
---------------------------------------------------------------------------------
Start RTL Hierarchical Component Statistics 
---------------------------------------------------------------------------------
Hierarchical RTL Component report 
---------------------------------------------------------------------------------
Finished RTL Hierarchical Component Statistics
---------------------------------------------------------------------------------
---------------------------------------------------------------------------------
Start Part Resource Summary
---------------------------------------------------------------------------------
Part Resources:
DSPs: 90 (col length:60)
BRAMs: 100 (col length: RAMB18 60 RAMB36 30)
---------------------------------------------------------------------------------
Finished Part Resource Summary
---------------------------------------------------------------------------------
No constraint files found.
---------------------------------------------------------------------------------
Start Cross Boundary and Area Optimization
---------------------------------------------------------------------------------
Warning: Parallel synthesis criteria is not met 
---------------------------------------------------------------------------------
Finished Cross Boundary and Area Optimization : Time (s): cpu = 00:00:08 ; elapsed = 00:00:19 . Memory (MB): peak = 1468.535 ; gain = 246.625 ; free physical = 1993 ; free virtual = 11786
---------------------------------------------------------------------------------

Report RTL Partitions: 
+-+--------------+------------+----------+
| |RTL Partition |Replication |Instances |
+-+--------------+------------+----------+
+-+--------------+------------+----------+
No constraint files found.
---------------------------------------------------------------------------------
Start Timing Optimization
---------------------------------------------------------------------------------
---------------------------------------------------------------------------------
Finished Timing Optimization : Time (s): cpu = 00:00:08 ; elapsed = 00:00:20 . Memory (MB): peak = 1468.535 ; gain = 246.625 ; free physical = 1992 ; free virtual = 11786
---------------------------------------------------------------------------------

Report RTL Partitions: 
+-+--------------+------------+----------+
| |RTL Partition |Replication |Instances |
+-+--------------+------------+----------+
+-+--------------+------------+----------+
---------------------------------------------------------------------------------
Start Technology Mapping
---------------------------------------------------------------------------------
---------------------------------------------------------------------------------
Finished Technology Mapping : Time (s): cpu = 00:00:08 ; elapsed = 00:00:20 . Memory (MB): peak = 1468.535 ; gain = 246.625 ; free physical = 1992 ; free virtual = 11785
---------------------------------------------------------------------------------

Report RTL Partitions: 
+-+--------------+------------+----------+
| |RTL Partition |Replication |Instances |
+-+--------------+------------+----------+
+-+--------------+------------+----------+
---------------------------------------------------------------------------------
Start IO Insertion
---------------------------------------------------------------------------------
---------------------------------------------------------------------------------
Start Flattening Before IO Insertion
---------------------------------------------------------------------------------
---------------------------------------------------------------------------------
Finished Flattening Before IO Insertion
---------------------------------------------------------------------------------
---------------------------------------------------------------------------------
Start Final Netlist Cleanup
---------------------------------------------------------------------------------
---------------------------------------------------------------------------------
Finished Final Netlist Cleanup
---------------------------------------------------------------------------------
---------------------------------------------------------------------------------
Finished IO Insertion : Time (s): cpu = 00:00:09 ; elapsed = 00:00:20 . Memory (MB): peak = 1468.535 ; gain = 246.625 ; free physical = 1993 ; free virtual = 11786
---------------------------------------------------------------------------------

Report Check Netlist: 
+------+------------------+-------+---------+-------+------------------+
|      |Item              |Errors |Warnings |Status |Description       |
+------+------------------+-------+---------+-------+------------------+
|1     |multi_driven_nets |      0|        0|Passed |Multi driven nets |
+------+------------------+-------+---------+-------+------------------+
---------------------------------------------------------------------------------
Start Renaming Generated Instances
---------------------------------------------------------------------------------
---------------------------------------------------------------------------------
Finished Renaming Generated Instances : Time (s): cpu = 00:00:09 ; elapsed = 00:00:20 . Memory (MB): peak = 1468.535 ; gain = 246.625 ; free physical = 1993 ; free virtual = 11786
---------------------------------------------------------------------------------

Report RTL Partitions: 
+-+--------------+------------+----------+
| |RTL Partition |Replication |Instances |
+-+--------------+------------+----------+
+-+--------------+------------+----------+
---------------------------------------------------------------------------------
Start Rebuilding User Hierarchy
---------------------------------------------------------------------------------
---------------------------------------------------------------------------------
Finished Rebuilding User Hierarchy : Time (s): cpu = 00:00:09 ; elapsed = 00:00:20 . Memory (MB): peak = 1468.535 ; gain = 246.625 ; free physical = 1993 ; free virtual = 11786
---------------------------------------------------------------------------------
---------------------------------------------------------------------------------
Start Renaming Generated Ports
---------------------------------------------------------------------------------
---------------------------------------------------------------------------------
Finished Renaming Generated Ports : Time (s): cpu = 00:00:09 ; elapsed = 00:00:20 . Memory (MB): peak = 1468.535 ; gain = 246.625 ; free physical = 1993 ; free virtual = 11786
---------------------------------------------------------------------------------
---------------------------------------------------------------------------------
Start Handling Custom Attributes
---------------------------------------------------------------------------------
---------------------------------------------------------------------------------
Finished Handling Custom Attributes : Time (s): cpu = 00:00:09 ; elapsed = 00:00:20 . Memory (MB): peak = 1468.535 ; gain = 246.625 ; free physical = 1993 ; free virtual = 11786
---------------------------------------------------------------------------------
---------------------------------------------------------------------------------
Start Renaming Generated Nets
---------------------------------------------------------------------------------
---------------------------------------------------------------------------------
Finished Renaming Generated Nets : Time (s): cpu = 00:00:09 ; elapsed = 00:00:20 . Memory (MB): peak = 1468.535 ; gain = 246.625 ; free physical = 1993 ; free virtual = 11786
---------------------------------------------------------------------------------
---------------------------------------------------------------------------------
Start Writing Synthesis Report
---------------------------------------------------------------------------------

Report BlackBoxes: 
+-+--------------+----------+
| |BlackBox name |Instances |
+-+--------------+----------+
+-+--------------+----------+

Report Cell Usage: 
+------+-----+------+
|      |Cell |Count |
+------+-----+------+
|1     |LUT2 |     4|
|2     |IBUF |     8|
|3     |OBUF |     4|
+------+-----+------+

Report Instance Areas: 
+------+---------+-------+------+
|      |Instance |Module |Cells |
+------+---------+-------+------+
|1     |top      |       |    16|
+------+---------+-------+------+
---------------------------------------------------------------------------------
Finished Writing Synthesis Report : Time (s): cpu = 00:00:09 ; elapsed = 00:00:20 . Memory (MB): peak = 1468.535 ; gain = 246.625 ; free physical = 1993 ; free virtual = 11786
---------------------------------------------------------------------------------
Synthesis finished with 0 errors, 0 critical warnings and 0 warnings.
Synthesis Optimization Runtime : Time (s): cpu = 00:00:09 ; elapsed = 00:00:20 . Memory (MB): peak = 1468.535 ; gain = 246.625 ; free physical = 1994 ; free virtual = 11787
Synthesis Optimization Complete : Time (s): cpu = 00:00:09 ; elapsed = 00:00:20 . Memory (MB): peak = 1468.543 ; gain = 246.625 ; free physical = 1994 ; free virtual = 11787
INFO: [Project 1-571] Translating synthesized netlist
INFO: [Netlist 29-17] Analyzing 8 Unisim elements for replacement
INFO: [Netlist 29-28] Unisim Transformation completed in 0 CPU seconds
INFO: [Project 1-570] Preparing netlist for logic optimization
INFO: [Opt 31-138] Pushed 0 inverter(s) to 0 load pin(s).
INFO: [Project 1-111] Unisim Transformation Summary:
No Unisim elements were transformed.

INFO: [Common 17-83] Releasing license: Synthesis
11 Infos, 0 Warnings, 0 Critical Warnings and 0 Errors encountered.
synth_design completed successfully
synth_design: Time (s): cpu = 00:00:11 ; elapsed = 00:00:22 . Memory (MB): peak = 1551.559 ; gain = 342.215 ; free physical = 1957 ; free virtual = 11751
WARNING: [Constraints 18-5210] No constraint will be written out.
INFO: [Common 17-1381] The checkpoint '/home/princeling/Documents/ElectronicDesign/Fpga-verilog/LearnBasys3/LearnIP_Core/LearnIP_Core.runs/synth_1/four_2_input_nand_gate.dcp' has been generated.
INFO: [runtcl-4] Executing : report_utilization -file four_2_input_nand_gate_utilization_synth.rpt -pb four_2_input_nand_gate_utilization_synth.pb
report_utilization: Time (s): cpu = 00:00:00.10 ; elapsed = 00:00:00.11 . Memory (MB): peak = 1575.570 ; gain = 0.000 ; free physical = 1959 ; free virtual = 11753
INFO: [Common 17-206] Exiting Vivado at Tue Jan 22 11:44:37 2019...
